[2021-01-28T10:58:42.278] [DEBUG] cheese - login => username:zs,password:123456
[2021-01-28T10:58:42.285] [DEBUG] cheese - zs
[2021-01-28T10:58:42.307] [DEBUG] cheese - null
[2021-01-28T10:58:42.308] [DEBUG] cheese - null
[2021-01-28T10:59:07.477] [DEBUG] cheese - login => username:admin,password:123456
[2021-01-28T10:59:07.477] [DEBUG] cheese - admin
[2021-01-28T10:59:07.486] [DEBUG] cheese - null
[2021-01-28T10:59:07.486] [DEBUG] cheese - null
[2021-01-28T11:07:19.475] [DEBUG] cheese - login => username:1234556,password:3423423423
[2021-01-28T11:07:19.476] [DEBUG] cheese - 1234556
[2021-01-28T11:07:19.479] [DEBUG] cheese - null
[2021-01-28T11:07:19.480] [DEBUG] cheese - null
[2021-01-28T11:08:38.626] [DEBUG] cheese - login => username:dasaasf,password:asfasdsadsad
[2021-01-28T11:08:38.626] [DEBUG] cheese - dasaasf
[2021-01-28T11:08:38.628] [DEBUG] cheese - null
[2021-01-28T11:08:38.629] [DEBUG] cheese - null
[2021-01-28T11:10:31.168] [DEBUG] cheese - login => username:admin,password:123456
[2021-01-28T11:10:31.169] [DEBUG] cheese - admin
[2021-01-28T11:10:31.171] [DEBUG] cheese - null
[2021-01-28T11:10:31.172] [DEBUG] cheese - null
[2021-01-28T11:14:18.247] [DEBUG] cheese - login => username:admin,password:123456
[2021-01-28T11:14:18.247] [DEBUG] cheese - admin
[2021-01-28T11:14:18.251] [DEBUG] cheese - null
[2021-01-28T11:14:18.251] [DEBUG] cheese - null
[2021-01-28T11:18:08.117] [DEBUG] cheese - login => username:admin,password:123456
[2021-01-28T11:18:08.117] [DEBUG] cheese - admin
[2021-01-28T11:18:08.121] [DEBUG] cheese - null
[2021-01-28T11:18:08.122] [DEBUG] cheese - null
[2021-01-28T11:18:40.341] [DEBUG] cheese - login => username:admin,password:123456
[2021-01-28T11:18:40.342] [DEBUG] cheese - admin
[2021-01-28T11:18:40.344] [DEBUG] cheese - null
[2021-01-28T11:18:40.344] [DEBUG] cheese - null
[2021-01-28T11:20:04.603] [DEBUG] cheese - login => username:admin,password:123456
[2021-01-28T11:20:04.603] [DEBUG] cheese - admin
[2021-01-28T11:20:04.606] [DEBUG] cheese - null
[2021-01-28T11:20:04.606] [DEBUG] cheese - null
[2021-01-28T11:22:22.042] [DEBUG] cheese - login => username:admin,password:123456
[2021-01-28T11:22:22.042] [DEBUG] cheese - admin
[2021-01-28T11:22:22.047] [DEBUG] cheese - null
[2021-01-28T11:22:22.047] [DEBUG] cheese - null
[2021-01-28T11:25:45.819] [DEBUG] cheese - login => username:admin,password:123456
[2021-01-28T11:25:45.820] [DEBUG] cheese - admin
[2021-01-28T11:25:45.823] [DEBUG] cheese - null
[2021-01-28T11:25:45.823] [DEBUG] cheese - null
[2021-01-28T11:36:02.921] [DEBUG] cheese - login => username:admin,password:123456
[2021-01-28T11:36:02.921] [DEBUG] cheese - admin
[2021-01-28T11:36:02.927] [DEBUG] cheese - null
[2021-01-28T11:36:02.927] [DEBUG] cheese - null
[2021-01-28T13:17:01.427] [DEBUG] cheese - login => username:admin,password:123456
[2021-01-28T13:17:01.430] [DEBUG] cheese - admin
[2021-01-28T13:17:01.447] [DEBUG] cheese - null
[2021-01-28T13:17:01.447] [DEBUG] cheese - null
[2021-01-28T13:28:29.080] [DEBUG] cheese - login => username:admin,password:123456
[2021-01-28T13:28:29.080] [DEBUG] cheese - admin
[2021-01-28T13:28:29.083] [DEBUG] cheese - null
[2021-01-28T13:28:29.083] [DEBUG] cheese - null
[2021-01-28T14:21:16.506] [DEBUG] cheese - login => username:admin,password:123456
[2021-01-28T14:21:16.507] [DEBUG] cheese - admin
[2021-01-28T14:21:16.511] [DEBUG] cheese - null
[2021-01-28T14:21:16.511] [DEBUG] cheese - null
[2021-01-28T14:23:43.011] [DEBUG] cheese - login => username:admin,password:123456
[2021-01-28T14:23:43.011] [DEBUG] cheese - admin
[2021-01-28T14:23:43.015] [DEBUG] cheese - null
[2021-01-28T14:23:43.016] [DEBUG] cheese - null
[2021-01-28T14:29:32.177] [DEBUG] cheese - login => username:admin,password:123456
[2021-01-28T14:29:32.177] [DEBUG] cheese - admin
[2021-01-28T14:29:32.180] [DEBUG] cheese - null
[2021-01-28T14:29:32.181] [DEBUG] cheese - null
[2021-01-28T16:29:58.210] [DEBUG] cheese - login => username:admin,password:123456
[2021-01-28T16:29:58.211] [DEBUG] cheese - admin
[2021-01-28T16:29:58.216] [DEBUG] cheese - null
[2021-01-28T16:29:58.217] [DEBUG] cheese - null
[2021-01-28T17:04:12.160] [DEBUG] cheese - login => username:admin,password:123456
[2021-01-28T17:04:12.160] [DEBUG] cheese - admin
[2021-01-28T17:04:12.164] [DEBUG] cheese - null
[2021-01-28T17:04:12.164] [DEBUG] cheese - null
[2021-01-28T17:21:42.341] [DEBUG] cheese - login => username:admin,password:123456
[2021-01-28T17:21:42.341] [DEBUG] cheese - admin
[2021-01-28T17:21:42.346] [DEBUG] cheese - null
[2021-01-28T17:21:42.346] [DEBUG] cheese - null
[2021-01-29T09:40:13.475] [DEBUG] cheese - login => username:admin,password:123456
[2021-01-29T09:40:13.476] [DEBUG] cheese - admin
[2021-01-29T09:40:13.540] [DEBUG] cheese - null
[2021-01-29T09:40:13.541] [DEBUG] cheese - null
[2021-01-29T09:41:34.650] [DEBUG] cheese - login => username:admin,password:123456
[2021-01-29T09:41:34.650] [DEBUG] cheese - admin
[2021-01-29T09:41:34.653] [DEBUG] cheese - null
[2021-01-29T09:41:34.654] [DEBUG] cheese - null
[2021-01-31T14:26:31.867] [DEBUG] cheese - login => username:admin,password:123456
[2021-01-31T14:26:31.869] [DEBUG] cheese - admin
[2021-01-31T14:26:31.899] [DEBUG] cheese - null
[2021-01-31T14:26:31.900] [DEBUG] cheese - null
[2021-01-31T14:39:14.206] [DEBUG] cheese - login => username:admin,password:123456
[2021-01-31T14:39:14.208] [DEBUG] cheese - admin
[2021-01-31T14:39:14.224] [DEBUG] cheese - null
[2021-01-31T14:39:14.225] [DEBUG] cheese - null
[2021-02-01T09:35:03.261] [DEBUG] cheese - login => username:admin,password:123456
[2021-02-01T09:35:03.263] [DEBUG] cheese - admin
[2021-02-01T09:35:03.280] [DEBUG] cheese - null
[2021-02-01T09:35:03.280] [DEBUG] cheese - null
